<?xml version="1.0" encoding="UTF-8"?>
<!-- Generated by org.testng.reporters.JUnitXMLReporter -->
<testsuite ignored="0" hostname="Mandeep" failures="1" tests="1" name="Command line test" time="35.867" errors="0" timestamp="15 Jul 2018 20:49:44 GMT">
  <testcase classname="com.bill.pom.tests.LoginTest" name="loginTest" time="33.693">
    <failure type="java.lang.RuntimeException" message="java.lang.InstantiationException: com.bil.pom.pages.LandingPage">
      <![CDATA[java.lang.RuntimeException: java.lang.InstantiationException: com.bil.pom.pages.LandingPage
at org.openqa.selenium.support.PageFactory.instantiatePage(PageFactory.java:134)
at org.openqa.selenium.support.PageFactory.initElements(PageFactory.java:64)
at com.bil.pom.pages.LoginPage.gotoLoginPage(LoginPage.java:46)
at com.bill.pom.tests.LoginTest.loginTest(LoginTest.java:22)
Caused by: java.lang.InstantiationException: com.bil.pom.pages.LandingPage
at java.base/java.lang.Class.newInstance(Class.java:547)
at org.openqa.selenium.support.PageFactory.instantiatePage(PageFactory.java:131)
... 38 more
Caused by: java.lang.NoSuchMethodException: com.bil.pom.pages.LandingPage.<init>()
at java.base/java.lang.Class.getConstructor0(Class.java:3302)
at java.base/java.lang.Class.newInstance(Class.java:532)
... 39 more
... Removed 35 stack frames]]>
    </failure>
  </testcase> <!-- loginTest -->
</testsuite> <!-- Command line test -->
